<?xml version="1.0" encoding="UTF-8"?>
<!-- Generated by org.testng.reporters.JUnitReportReporter -->
<testsuite hostname="DESKTOP-71P69E4" failures="0" tests="13" name="SeleniumTESTNGAutomationTestNg._3_TestNG" time="108.367" errors="0" timestamp="07 Nov 2022 11:26:07 GMT" skipped="0">
  <testcase classname="SeleniumTESTNGAutomationTestNg._3_TestNG" name="bc1" time="0.287"/>
  <testcase classname="SeleniumTESTNGAutomationTestNg._3_TestNG" name="bc1" time="0.184"/>
  <testcase classname="SeleniumTESTNGAutomationTestNg._3_TestNG" name="bc1" time="2.858"/>
  <testcase classname="SeleniumTESTNGAutomationTestNg._3_TestNG" name="bc1" time="0.296"/>
  <testcase classname="SeleniumTESTNGAutomationTestNg._3_TestNG" name="bc1" time="0.544"/>
  <testcase classname="SeleniumTESTNGAutomationTestNg._3_TestNG" name="nc" time="51.631"/>
  <testcase classname="SeleniumTESTNGAutomationTestNg._3_TestNG" name="wc" time="3.012"/>
  <testcase classname="SeleniumTESTNGAutomationTestNg._3_TestNG" name="cbrb" time="3.600"/>
  <testcase classname="SeleniumTESTNGAutomationTestNg._3_TestNG" name="cbrb" time="0.525"/>
  <testcase classname="SeleniumTESTNGAutomationTestNg._3_TestNG" name="cbrb" time="0.552"/>
  <testcase classname="SeleniumTESTNGAutomationTestNg._3_TestNG" name="dbdn" time="40.604"/>
  <testcase classname="SeleniumTESTNGAutomationTestNg._3_TestNG" name="dd" time="2.908"/>
  <testcase classname="SeleniumTESTNGAutomationTestNg._3_TestNG" name="right" time="1.366"/>
</testsuite> <!-- SeleniumTESTNGAutomationTestNg._3_TestNG -->
