<?xml version="1.0" encoding="UTF-8"?>
<!-- Generated by org.testng.reporters.JUnitReportReporter -->
<testsuite hostname="DESKTOP-71P69E4" failures="0" tests="4" name="SeleniumTESTNGAutomationTestNg._4_dataProvider" time="39.379" errors="0" timestamp="08 Nov 2022 06:07:05 GMT" skipped="0">
  <testcase classname="SeleniumTESTNGAutomationTestNg._4_dataProvider" name="LoginTest" time="7.469"/>
  <testcase classname="SeleniumTESTNGAutomationTestNg._4_dataProvider" name="LoginTest" time="7.556"/>
  <testcase classname="SeleniumTESTNGAutomationTestNg._4_dataProvider" name="LoginTest" time="7.444"/>
  <testcase classname="SeleniumTESTNGAutomationTestNg._4_dataProvider" name="LoginTest" time="16.910"/>
</testsuite> <!-- SeleniumTESTNGAutomationTestNg._4_dataProvider -->
