<?xml version="1.0" encoding="UTF-8"?>
<!-- Generated by org.testng.reporters.JUnitReportReporter -->
<testsuite hostname="DESKTOP-71P69E4" failures="0" tests="1" name="SeleniumTESTNGAutomationTestNg._1_TestNG1" time="4.489" errors="0" timestamp="08 Nov 2022 06:07:05 GMT" skipped="0">
  <testcase classname="SeleniumTESTNGAutomationTestNg._1_TestNG1" name="bc1" time="4.489"/>
</testsuite> <!-- SeleniumTESTNGAutomationTestNg._1_TestNG1 -->
